<?xml version="1.0" encoding="UTF-8"?>
<!-- Generated by org.testng.reporters.JUnitReportReporter -->
<testsuite hostname="LAPTOP-9E7ONCG8" name="com.cognizant.projects.Testing.MainTesting" tests="5" failures="0" timestamp="3 Oct 2021 09:33:58 GMT" time="52.999" errors="0">
  <testcase name="getFirstThreeBookshelves" time="19.319" classname="com.cognizant.projects.Testing.MainTesting"/>
  <testcase name="showBookShelves" time="4.913" classname="com.cognizant.projects.Testing.MainTesting"/>
  <testcase name="getGiftCards" time="23.850" classname="com.cognizant.projects.Testing.MainTesting"/>
  <testcase name="emailEnterdisWrong" time="0.017" classname="com.cognizant.projects.Testing.MainTesting"/>
  <testcase name="getListOfSubmenuItems" time="4.900" classname="com.cognizant.projects.Testing.MainTesting"/>
</testsuite>
